
---------------------
Contract: transfer.sol

PROPERTY:  out/smt2/liquidity_live
[92mPassed[0m
Compilation time: 0.4467039108276367 seconds; Running time: 0.96820068359375 seconds

---------------------
Contract: if-without-else.sol

PROPERTY:  out/smt2/_nonlive
[92mPassed[0m
Compilation time: 0.39342236518859863 seconds; Running time: 0.13844752311706543 seconds

---------------------
Contract: state_change.sol

PROPERTY:  out/smt2/live_nonlive
[92mPassed[0m
PROPERTY:  out/smt2/not_live_nonlive
[92mPassed[0m
Compilation time: 0.493685245513916 seconds; Running time: 0.31512951850891113 seconds

---------------------
Contract: sender.sol

PROPERTY:  out/smt2/pay_live
[92mPassed[0m
Compilation time: 0.40624189376831055 seconds; Running time: 7.890697956085205 seconds

---------------------
Contract: blacklist.sol

PROPERTY:  out/smt2/liquidity1_nonlive
[92mPassed[0m
PROPERTY:  out/smt2/liquidity2_live
[92mPassed[0m
Compilation time: 0.47931981086730957 seconds; Running time: 0.8221619129180908 seconds

---------------------
Contract: if-nested1.sol

PROPERTY:  out/smt2/tx1_nonlive
[92mPassed[0m
PROPERTY:  out/smt2/tx2_live
[92mPassed[0m
Compilation time: 0.6210551261901855 seconds; Running time: 31.28351902961731 seconds

---------------------
Contract: mapping1.sol

PROPERTY:  out/smt2/live1
[92mPassed[0m
Compilation time: 0.43083739280700684 seconds; Running time: 1.0250256061553955 seconds

---------------------
Contract: freezable.sol

PROPERTY:  out/smt2/liquidity1_nonlive
[92mPassed[0m
PROPERTY:  out/smt2/liquidity2_live
[92mPassed[0m
Compilation time: 0.5306017398834229 seconds; Running time: 5.838732481002808 seconds

---------------------
Contract: liquidity15.sol

PROPERTY:  out/smt2/liquidity15a_nonlive
[92mPassed[0m
Compilation time: 0.4140207767486572 seconds; Running time: 0.14955425262451172 seconds

---------------------
Contract: liquidity14.sol

PROPERTY:  out/smt2/liquidity1_notlive
[92mPassed[0m
PROPERTY:  out/smt2/liquidity2_live
[92mPassed[0m
PROPERTY:  out/smt2/liquidity3_live
[92mPassed[0m
Compilation time: 0.7282018661499023 seconds; Running time: 6.546659708023071 seconds

---------------------
Contract: constructor.sol

PROPERTY:  out/smt2/liquidity1_nonlive
[92mPassed[0m
Compilation time: 0.3879697322845459 seconds; Running time: 0.15502429008483887 seconds

---------------------
Contract: liquidity19.sol

PROPERTY:  out/smt2/liquidity19a_live
[92mPassed[0m
Compilation time: 0.9585282802581787 seconds; Running time: 0.7455558776855469 seconds

---------------------
Contract: liquidity4.sol

PROPERTY:  out/smt2/liquidity1_nonlive
[92mPassed[0m
PROPERTY:  out/smt2/liquidity2_live
[92mPassed[0m
Compilation time: 0.47121334075927734 seconds; Running time: 1.0066370964050293 seconds

---------------------
Contract: liquidity11.sol

PROPERTY:  out/smt2/liquidity11a_nonlive
[92mPassed[0m
PROPERTY:  out/smt2/liquidity11b_liq
[92mPassed[0m
Compilation time: 0.4970555305480957 seconds; Running time: 0.8427557945251465 seconds

---------------------
Contract: liquidity12.sol

PROPERTY:  out/smt2/liquidity12a_nonlive
[92mPassed[0m
PROPERTY:  out/smt2/liquidity12b_nonlive
[92mPassed[0m
Compilation time: 0.5059385299682617 seconds; Running time: 0.5491793155670166 seconds

---------------------
Contract: req-leq-amount.sol

PROPERTY:  out/smt2/liquidity2a_live
[92mPassed[0m
Compilation time: 0.42406129837036133 seconds; Running time: 0.7524416446685791 seconds

---------------------
Contract: whitelist.sol

PROPERTY:  out/smt2/liquidity1_notlive
[92mPassed[0m
PROPERTY:  out/smt2/liquidity2_live
[92mPassed[0m
Compilation time: 0.48014163970947266 seconds; Running time: 0.17618727684020996 seconds

---------------------
Contract: not-priority.sol

PROPERTY:  out/smt2/p1_notlive
[92mPassed[0m
PROPERTY:  out/smt2/p2_notlive
[92mPassed[0m
PROPERTY:  out/smt2/p3_live
[92mPassed[0m
Compilation time: 0.5344960689544678 seconds; Running time: 0.305225133895874 seconds

---------------------
Contract: req-sender-hardcoded.sol

PROPERTY:  out/smt2/liquidity1_nonlive
[92mPassed[0m
PROPERTY:  out/smt2/liquidity2_live
[92mPassed[0m
Compilation time: 0.4722583293914795 seconds; Running time: 0.7947380542755127 seconds

---------------------
Contract: liquidity18.sol

PROPERTY:  out/smt2/liquidity18a_live
[92mPassed[0m
Compilation time: 0.44092226028442383 seconds; Running time: 1.7810945510864258 seconds

---------------------
Contract: if-without-else2.sol

PROPERTY:  out/smt2/_live
[92mPassed[0m
Compilation time: 0.39336562156677246 seconds; Running time: 0.5066442489624023 seconds

---------------------
Contract: counter.sol

PROPERTY:  out/smt2/liquidity1_live
[92mPassed[0m
PROPERTY:  out/smt2/liquidity2_notlive
[92mPassed[0m
PROPERTY:  out/smt2/liquidity3_notlive
[92mPassed[0m
Compilation time: 0.8547408580780029 seconds; Running time: 8.533106565475464 seconds


Results overview:

Contract: transfer.sol 1 [92mPassed[0m, 0 [91mNot Passed[0m 0 [93mTimeout[0m 	[ 100.0% ]
Contract: if-without-else.sol 1 [92mPassed[0m, 0 [91mNot Passed[0m 0 [93mTimeout[0m 	[ 100.0% ]
Contract: state_change.sol 2 [92mPassed[0m, 0 [91mNot Passed[0m 0 [93mTimeout[0m 	[ 100.0% ]
Contract: sender.sol 1 [92mPassed[0m, 0 [91mNot Passed[0m 0 [93mTimeout[0m 	[ 100.0% ]
Contract: blacklist.sol 2 [92mPassed[0m, 0 [91mNot Passed[0m 0 [93mTimeout[0m 	[ 100.0% ]
Contract: if-nested1.sol 2 [92mPassed[0m, 0 [91mNot Passed[0m 0 [93mTimeout[0m 	[ 100.0% ]
Contract: mapping1.sol 1 [92mPassed[0m, 0 [91mNot Passed[0m 0 [93mTimeout[0m 	[ 100.0% ]
Contract: freezable.sol 2 [92mPassed[0m, 0 [91mNot Passed[0m 0 [93mTimeout[0m 	[ 100.0% ]
Contract: liquidity15.sol 1 [92mPassed[0m, 0 [91mNot Passed[0m 0 [93mTimeout[0m 	[ 100.0% ]
Contract: liquidity14.sol 3 [92mPassed[0m, 0 [91mNot Passed[0m 0 [93mTimeout[0m 	[ 100.0% ]
Contract: constructor.sol 1 [92mPassed[0m, 0 [91mNot Passed[0m 0 [93mTimeout[0m 	[ 100.0% ]
Contract: liquidity19.sol 1 [92mPassed[0m, 0 [91mNot Passed[0m 0 [93mTimeout[0m 	[ 100.0% ]
Contract: liquidity4.sol 2 [92mPassed[0m, 0 [91mNot Passed[0m 0 [93mTimeout[0m 	[ 100.0% ]
Contract: liquidity11.sol 2 [92mPassed[0m, 0 [91mNot Passed[0m 0 [93mTimeout[0m 	[ 100.0% ]
Contract: liquidity12.sol 2 [92mPassed[0m, 0 [91mNot Passed[0m 0 [93mTimeout[0m 	[ 100.0% ]
Contract: req-leq-amount.sol 1 [92mPassed[0m, 0 [91mNot Passed[0m 0 [93mTimeout[0m 	[ 100.0% ]
Contract: whitelist.sol 2 [92mPassed[0m, 0 [91mNot Passed[0m 0 [93mTimeout[0m 	[ 100.0% ]
Contract: not-priority.sol 3 [92mPassed[0m, 0 [91mNot Passed[0m 0 [93mTimeout[0m 	[ 100.0% ]
Contract: req-sender-hardcoded.sol 2 [92mPassed[0m, 0 [91mNot Passed[0m 0 [93mTimeout[0m 	[ 100.0% ]
Contract: liquidity18.sol 1 [92mPassed[0m, 0 [91mNot Passed[0m 0 [93mTimeout[0m 	[ 100.0% ]
Contract: if-without-else2.sol 1 [92mPassed[0m, 0 [91mNot Passed[0m 0 [93mTimeout[0m 	[ 100.0% ]
Contract: counter.sol 3 [92mPassed[0m, 0 [91mNot Passed[0m 0 [93mTimeout[0m 	[ 100.0% ]
